# JRE version: Java(TM) SE Runtime Environment (8.0_181-b13) (build 1.8.0_181-b13)
# Java VM: Java HotSpot(TM) 64-Bit Server VM (25.181-b13 mixed mode linux-amd64 compressed oops)
Heap:
 PSYoungGen      total 558592K, used 13629K [0x000000076d300000, 0x0000000791000000, 0x00000007c0000000)
  eden space 531456K, 2% used [0x000000076d300000,0x000000076e04f5d0,0x000000078da00000)
  from space 27136K, 0% used [0x000000078da00000,0x000000078da00000,0x000000078f480000)
  to   space 27136K, 0% used [0x000000078f580000,0x000000078f580000,0x0000000791000000)
 ParOldGen       total 137728K, used 33599K [0x00000006c7800000, 0x00000006cfe80000, 0x000000076d300000)
  object space 137728K, 24% used [0x00000006c7800000,0x00000006c98cfc20,0x00000006cfe80000)
 Metaspace       used 52094K, capacity 54858K, committed 55208K, reserved 1097728K
  class space    used 6778K, capacity 7248K, committed 7344K, reserved 1048576K
GC Heap History (10 events):
Event: 757,309 GC heap before
{Heap before GC invocations=9 (full 2):
 PSYoungGen      total 353792K, used 353787K [0x000000076d300000, 0x0000000789c80000, 0x00000007c0000000)
  eden space 337920K, 100% used [0x000000076d300000,0x0000000781d00000,0x0000000781d00000)
  from space 15872K, 99% used [0x0000000783280000,0x00000007841fede0,0x0000000784200000)
  to   space 22016K, 0% used [0x0000000781d00000,0x0000000781d00000,0x0000000783280000)
 ParOldGen       total 137728K, used 18964K [0x00000006c7800000, 0x00000006cfe80000, 0x000000076d300000)
  object space 137728K, 13% used [0x00000006c7800000,0x00000006c8a85100,0x00000006cfe80000)
 Metaspace       used 51061K, capacity 53468K, committed 53800K, reserved 1095680K
  class space    used 6713K, capacity 7123K, committed 7216K, reserved 1048576K
Event: 757,348 GC heap after
Heap after GC invocations=9 (full 2):
 PSYoungGen      total 359936K, used 22014K [0x000000076d300000, 0x0000000790e00000, 0x00000007c0000000)
  eden space 337920K, 0% used [0x000000076d300000,0x000000076d300000,0x0000000781d00000)
  from space 22016K, 99% used [0x0000000781d00000,0x000000078327f8e8,0x0000000783280000)
  to   space 26112K, 0% used [0x000000078f480000,0x000000078f480000,0x0000000790e00000)
 ParOldGen       total 137728K, used 19858K [0x00000006c7800000, 0x00000006cfe80000, 0x000000076d300000)
  object space 137728K, 14% used [0x00000006c7800000,0x00000006c8b64bd8,0x00000006cfe80000)
 Metaspace       used 51061K, capacity 53468K, committed 53800K, reserved 1095680K
  class space    used 6713K, capacity 7123K, committed 7216K, reserved 1048576K
}
Event: 757,375 GC heap before
{Heap before GC invocations=10 (full 2):
 PSYoungGen      total 359936K, used 46632K [0x000000076d300000, 0x0000000790e00000, 0x00000007c0000000)
  eden space 337920K, 7% used [0x000000076d300000,0x000000076eb0ab10,0x0000000781d00000)
  from space 22016K, 99% used [0x0000000781d00000,0x000000078327f8e8,0x0000000783280000)
  to   space 26112K, 0% used [0x000000078f480000,0x000000078f480000,0x0000000790e00000)
 ParOldGen       total 137728K, used 19858K [0x00000006c7800000, 0x00000006cfe80000, 0x000000076d300000)
  object space 137728K, 14% used [0x00000006c7800000,0x00000006c8b64bd8,0x00000006cfe80000)
 Metaspace       used 51190K, capacity 53706K, committed 53800K, reserved 1095680K
  class space    used 6730K, capacity 7158K, committed 7216K, reserved 1048576K
Event: 757,419 GC heap after
Heap after GC invocations=10 (full 2):
 PSYoungGen      total 557568K, used 18770K [0x000000076d300000, 0x0000000791000000, 0x00000007c0000000)
  eden space 531456K, 0% used [0x000000076d300000,0x000000076d300000,0x000000078da00000)
  from space 26112K, 71% used [0x000000078f480000,0x00000007906d4ae0,0x0000000790e00000)
  to   space 27136K, 0% used [0x000000078da00000,0x000000078da00000,0x000000078f480000)
 ParOldGen       total 137728K, used 19866K [0x00000006c7800000, 0x00000006cfe80000, 0x000000076d300000)
  object space 137728K, 14% used [0x00000006c7800000,0x00000006c8b66bd8,0x00000006cfe80000)
 Metaspace       used 51190K, capacity 53706K, committed 53800K, reserved 1095680K
  class space    used 6730K, capacity 7158K, committed 7216K, reserved 1048576K
}
Event: 757,419 GC heap before
{Heap before GC invocations=11 (full 3):
 PSYoungGen      total 557568K, used 18770K [0x000000076d300000, 0x0000000791000000, 0x00000007c0000000)
  eden space 531456K, 0% used [0x000000076d300000,0x000000076d300000,0x000000078da00000)
  from space 26112K, 71% used [0x000000078f480000,0x00000007906d4ae0,0x0000000790e00000)
  to   space 27136K, 0% used [0x000000078da00000,0x000000078da00000,0x000000078f480000)
 ParOldGen       total 137728K, used 19866K [0x00000006c7800000, 0x00000006cfe80000, 0x000000076d300000)
  object space 137728K, 14% used [0x00000006c7800000,0x00000006c8b66bd8,0x00000006cfe80000)
 Metaspace       used 51190K, capacity 53706K, committed 53800K, reserved 1095680K
  class space    used 6730K, capacity 7158K, committed 7216K, reserved 1048576K
Event: 757,603 GC heap after
Heap after GC invocations=11 (full 3):
 PSYoungGen      total 557568K, used 0K [0x000000076d300000, 0x0000000791000000, 0x00000007c0000000)
  eden space 531456K, 0% used [0x000000076d300000,0x000000076d300000,0x000000078da00000)
  from space 26112K, 0% used [0x000000078f480000,0x000000078f480000,0x0000000790e00000)
  to   space 27136K, 0% used [0x000000078da00000,0x000000078da00000,0x000000078f480000)
 ParOldGen       total 137728K, used 29703K [0x00000006c7800000, 0x00000006cfe80000, 0x000000076d300000)
  object space 137728K, 21% used [0x00000006c7800000,0x00000006c9501c48,0x00000006cfe80000)
 Metaspace       used 51181K, capacity 53688K, committed 53800K, reserved 1095680K
  class space    used 6729K, capacity 7155K, committed 7216K, reserved 1048576K
}
Event: 1106,337 GC heap before
{Heap before GC invocations=12 (full 3):
 PSYoungGen      total 557568K, used 314321K [0x000000076d300000, 0x0000000791000000, 0x00000007c0000000)
  eden space 531456K, 59% used [0x000000076d300000,0x00000007805f4418,0x000000078da00000)
  from space 26112K, 0% used [0x000000078f480000,0x000000078f480000,0x0000000790e00000)
  to   space 27136K, 0% used [0x000000078da00000,0x000000078da00000,0x000000078f480000)
 ParOldGen       total 137728K, used 29703K [0x00000006c7800000, 0x00000006cfe80000, 0x000000076d300000)
  object space 137728K, 21% used [0x00000006c7800000,0x00000006c9501c48,0x00000006cfe80000)
 Metaspace       used 52093K, capacity 54858K, committed 55208K, reserved 1097728K
  class space    used 6778K, capacity 7247K, committed 7344K, reserved 1048576K
Event: 1106,345 GC heap after
Heap after GC invocations=12 (full 3):
 PSYoungGen      total 558592K, used 6270K [0x000000076d300000, 0x0000000791000000, 0x00000007c0000000)
  eden space 531456K, 0% used [0x000000076d300000,0x000000076d300000,0x000000078da00000)
  from space 27136K, 23% used [0x000000078da00000,0x000000078e01f838,0x000000078f480000)
  to   space 27136K, 0% used [0x000000078f580000,0x000000078f580000,0x0000000791000000)
 ParOldGen       total 137728K, used 29711K [0x00000006c7800000, 0x00000006cfe80000, 0x000000076d300000)
  object space 137728K, 21% used [0x00000006c7800000,0x00000006c9503c48,0x00000006cfe80000)
 Metaspace       used 52093K, capacity 54858K, committed 55208K, reserved 1097728K
  class space    used 6778K, capacity 7247K, committed 7344K, reserved 1048576K
}
Event: 1106,345 GC heap before
{Heap before GC invocations=13 (full 4):
 PSYoungGen      total 558592K, used 6270K [0x000000076d300000, 0x0000000791000000, 0x00000007c0000000)
  eden space 531456K, 0% used [0x000000076d300000,0x000000076d300000,0x000000078da00000)
  from space 27136K, 23% used [0x000000078da00000,0x000000078e01f838,0x000000078f480000)
  to   space 27136K, 0% used [0x000000078f580000,0x000000078f580000,0x0000000791000000)
 ParOldGen       total 137728K, used 29711K [0x00000006c7800000, 0x00000006cfe80000, 0x000000076d300000)
  object space 137728K, 21% used [0x00000006c7800000,0x00000006c9503c48,0x00000006cfe80000)
 Metaspace       used 52093K, capacity 54858K, committed 55208K, reserved 1097728K
  class space    used 6778K, capacity 7247K, committed 7344K, reserved 1048576K
Event: 1106,462 GC heap after
Heap after GC invocations=13 (full 4):
 PSYoungGen      total 558592K, used 0K [0x000000076d300000, 0x0000000791000000, 0x00000007c0000000)
  eden space 531456K, 0% used [0x000000076d300000,0x000000076d300000,0x000000078da00000)
  from space 27136K, 0% used [0x000000078da00000,0x000000078da00000,0x000000078f480000)
  to   space 27136K, 0% used [0x000000078f580000,0x000000078f580000,0x0000000791000000)
 ParOldGen       total 137728K, used 33599K [0x00000006c7800000, 0x00000006cfe80000, 0x000000076d300000)
  object space 137728K, 24% used [0x00000006c7800000,0x00000006c98cfc20,0x00000006cfe80000)
 Metaspace       used 52090K, capacity 54852K, committed 55208K, reserved 1097728K
  class space    used 6778K, capacity 7246K, committed 7344K, reserved 1048576K
}

